 Integral Testing
 ----------------

 Z = 10
 alpha = 0.0072973525693
 c = 137.035999084

 (ks,ksp,ksq) = (12,11,12)
 (hi,he,hmax) = (0.125,0.125,0.5)
 (ns,nv)      = (153,142)


Exact results are calculated using Unix calculator from  the standard formula with alpha and c given above
OOGRASP calculates derivatives using NumericalDP...


State:		1 s			2 s			2 p-			2 p
OOGRASP		50.066742017116432	12.520859663002934	12.520859663002934	12.504163033676331
GRASP2018	50.066742016893350	12.520859662948725	12.520859662948725	12.504163033622122
Exact		50.066742017117268	12.520859663003110	12.520859663003110      12.504163033678629


Calling rinti
		   I(1s,1s)		  I(2s,2s)		 I(2p-,2p-)	        I(2p,2p)	
OOGRASP		   -50.066742016894736	  -12.520859667624777	 -12.520859667624769    -12.504163033623163
GRASP2018	   -50.066742016921282	  -12.520859666557323	 -12.520859665131976	-12.504163033623950	
B-Spline	   −50.0667420162	  −12.5208596627	 −12.5208596627		−12.5041630336



quad test:
		< 1 s | 1 s >	     < 1 s | 2 s >	       < 2 s | 2 s >	    < 2 p-| 2 p->	 < 2 p | 2 p >		
OOGRASP		1.0000000000000027   2.1253867409338149E-017   1.0000000000000029   1.0000000000000031	 1.0000000000000060     
GRASP2018	1.0000000000005307   3.6926906677384517E-012   1.0000000000002709   1.0000000000000702	 1.0000000000000686



Calling slater:

	   F0(1s,1s)	       F0(2s,2s)	   F0(2p-,2p-)	       F0(2p,2p)	   F0(3d-,3d-)		F0(3d,3d) 
OOGRASP	   6.2622967160446619  1.5068979292640365  1.8207399944867568  1.8174028190193547  0.86106316705788821 	0.86067918154321477
GRASP2018  6.2622967280088844  1.5068979671104064  1.8207400082805871  1.8174028328545386  0.86106318300017914	0.86067919750109845
B-Spline   6.2622967147433801  1.5068979291974520  1.8207399944825031  1.8174028190151046  0.86106316706483965 	0.86067918155019751
Exact	   6.2622967160088860  1.5068979292182503  1.8207399944736242  1.8174028190061577  0.86106316703957264	0.86067918152488276


	   F0(1s,2s)	       F0(1s,2p-)	   F0(1s,2p)	       F0(2s,2p-)	   F0(2s,2p)	        F0(2p-,2p)
OOGRASP	   2.1040290224764004  2.4349417985802795  2.4296875273181793  1.6245625293737875  1.6234411644627196	1.8190683073689449
GRASP2018  2.1040290227675813  2.4349417924772716  2.4296875212322915  1.6245625459532858  1.6234411811504641	1.8190683211832277
B-Spline   2.1040290222426425  2.4349417985761259  2.4296875273144032  1.6245625293520602  1.6234411644410094	1.8190683073646903
Exact	   2.1040290224661473  2.4349417985838300  2.4296875273216867  1.6245625293553996  1.6234411644441926	1.8190683073557774


	   F0(1s,3d-)	       F0(2s,3d-)	   F0(2p-,3d-)	       F0(2p,3d-)            
OOGRASP	   1.1112090693679537  1.0367857000627336  1.0643295115008105  1.0641174477349851
GRASP2018  1.1112090712090301  1.0367856896145262  1.0643295020147692  1.0641174382430547
B-Spline   1.1112090693782462  1.0367857000902652  1.0643295115266824  1.0641174477608915
Exact	   1.1112090693641392  1.0367857000791441  1.0643295115132549  1.0641174477474511


	   F0(1s,3d)	       F0(2s,3d)	   F0(2p-,3d)	       F0(2p,3d)            
OOGRASP	   1.1105608527935316  1.0363666630400425  1.0638428937902906  1.0636313696355502  
GRASP2018  1.1105608546348846  1.0363666525667203  1.0638428842963767  1.0636313601356466
B-Spline   1.1105608528038493  1.0363666630676160  1.0638428938161835  1.0636313696614781
Exact	   1.1105608527897282  1.0363666630564898  1.0638428938027495  1.0636313696480311



           F2(2p-,2p-)          F2(2p,2p)	     F2(3d-,3d-)	  F2(3d,3d)
OOGRASP    0.88020632001667254  0.87926125457375237  0.45441434388785784  0.45429727040337248
GRASP2018  0.88020632506820828  0.87926125969705382  0.45441444382249913  0.45429737044382018
B-Spline   0.88020634372399120  0.87926127835842560  0.45441444351452587  0.45429737011219307  
Exact	   0.88020634371223849	0.87926127834665468  0.45441444347770305  0.45429737007521470


           F2(1s,3d-)	            F2(1s,3d)            
OOGRASP	   6.8421175463559511E-002  6.8268267935421234E-002
GRASP2018  6.8421296467891302E-002  6.8268388989174297E-002 
B-Spline   6.8421275569591281E-002  6.8268368123664269E-002
Exact	   6.8421275557019878E-002  6.8268368111118902E-002


           F4(3d-,3d-)	        F4(3d,3d)            
OOGRASP	   0.29633115871427002	0.29627378420116929
GRASP2018  0.29633109009349184  0.29627371533648050                 
B-Spline   0.29633115923927700  0.29627378472689264
Exact	   0.29633115922492798	0.29627378471236343





	   G0(1s,2s)            
OOGRASP	   0.22063304353809451
GRASP2018  0.22063304963190714
B-Spline   0.22063304331926478
Exact	   0.22063304352736082


	   G1(1s,2p-)           G1(1s,2p)            G1(2s,2p-)           G1(2s,2p)
OOGRASP	   0.51251439323480674  0.51158518154363408  0.87981970813667221  0.88051923082862871
GRASP2018  0.51251451417064353  0.51158530246706191  0.87981925908416725  0.88051878118932314
B-Spline   0.51251451082747790  0.51158529912495199  0.87981921934851315  0.88051874137113095
Exact	   0.51251451074058352	0.51158529903821337  0.87981921931014129  0.88051874133270325


	   G2(1s,2s)            G2(2p-,2p)	     G2(1s,3d-)		      G2(1s,3d)
OOGRASP	   0.18323542774529400  0.87888379818377815  1.2300617427798172E-002  1.2317069844198081E-002
GRASP2018  0.18323541372949551  0.87888380326968440  1.2300618533910792E-002  1.2317070950756339E-002
B-Spline   0.18323542537477636  0.87888382192502246  1.2300618799962216E-002  1.2317071217110858E-002
Exact	   0.18323542538771756	0.87888382191326475  1.2300618797528863E-002  1.2317071214674388E-002





Detailed rinti output:

  OOGRASP					GRASP2018
  quad(Int1) =   6.3950980588175933E-018	quad(Int1) =  -5.5092217948657320E-019
  quad(Int2) = -0.73168602099599556     	quad(Int2) = -0.73168602264370186     
  quad(Int3) =   1.3330609144182627E-003	quad(Int3) =   1.3330609144130282E-003
  quad(Int4) =   100.26732490276106     	quad(Int4) =   100.26732512877928     
  I(1s,1s) is    -50.066742016894736     	I(1s,1s) is    -50.066742016921282    
  						                                      
  quad(Int1) =   9.1399608028054066E-002	quad(Int1) =   5.7124755038738236E-003
  quad(Int2) =  -9.1643941975559987E-002	quad(Int2) =  -9.1643942156601405E-002
  quad(Int3) =   3.3337636840757921E-004	quad(Int3) =   3.3337636840624765E-004
  quad(Int4) =   25.083555755249179     	quad(Int4) =   25.083555783690166     
  I(2s,2s) is   -12.520859667624777     	I(2s,2s) is   -12.520859666557323     
  						                                      
  quad(Int1) =   9.1399608028054025E-002	quad(Int1) =   5.7124755038738245E-003
  quad(Int2) =   9.1643941976369200E-002	quad(Int2) =   9.1643941960271660E-002
  quad(Int3) =   3.3337636840757905E-004	quad(Int3) =   3.3337636840618059E-004
  quad(Int4) =   25.083555755360067     	quad(Int4) =   25.083555755363097     
  I(2p-,2p-) is    -12.520859667624769		I(2p-,2p-) is    -12.520859665131976  
						                                      
  quad(Int1) =   2.8287557439352585E-018	quad(Int1) =   1.1378347138121733E-020
  quad(Int2) =  -9.1277685606285394E-002	quad(Int2) =  -9.1277685606086817E-002
  quad(Int3) =   3.3293180934379626E-004	quad(Int3) =   3.3293180934237455E-004
  quad(Int4) =   25.016657682211914     	quad(Int4) =   25.016657682211672     
  I(2p,2p) is   -12.504163033623163     	I(2p,2p) is   -12.504163033623950     


										
  			
  			     												                                      
