 Integral Testing
 ----------------

 Z = 1
 c = 137.03599976000001


state	  OOGRASP		   GRASP2018		   exact
 1 s      0.50000665655891252	   0.50000665659644028	   0.5000066566     
 2 s      0.12500208018131864	   0.12500208018965811	   0.1250020802     
 2 p-     0.12500208018131864      0.12500208018965811	   0.1250020802
 2 p      0.12500041601912640      0.12500041602746589	   0.1250004160


Calculate derivatives using NumericalDP...



quad test:

OOGRASP						GRASP2018					GRASP2018(OOGRASP file)
h = 0.0312500000   npx =  600			h = 0.0500000000   nnnp =  590
 < 1 s | 1 s > =    1.0000000000000016		< 1 s | 1 s > =    1.0000000000004587		 < 1 s | 1 s > =   1.0000000000000000
 < 1 s | 2 s > =    1.9034740740101489E-016	< 1 s | 2 s > =    3.7352682092123431E-012	 < 1 s | 2 s > =   2.9426996463228121E-010
 < 2 s | 2 s > =    1.0000000000000022     	< 2 s | 2 s > =    1.0000000000002631     	 < 2 s | 2 s > =   1.0000000000000004
 < 2 p-| 2 p-> =    1.0000000000000031     	< 2 p-| 2 p-> =    1.0000000000000699     	 < 2 p-| 2 p-> =   1.0000000000000000     
 < 2 p | 2 p > =    1.0000000000000029     	< 2 p | 2 p > =    1.0000000000000684     	 < 2 p | 2 p > =   1.0000000000000007     



 Calling slater:

 OOGRASP					GRASP2018					BSP(Oleg)				
 F0(1s,1s)   is   0.62501225565977436     	F0(1s,1s)   is   0.62501225595485388     	F0(1s,1s)  is 0.6250122556591742d0	
 F0(2s,2s)   is   0.15039360738066224     	F0(2s,2s)   is   0.15039361117288175     						
 F0(2p-,2p-) is   0.18164494364708125     	F0(2p-,2p-) is   0.18164494399754305     						
 F0(2p,2p)   is   0.18164162068390857     	F0(2p,2p)   is   0.18164162206863585     						
																        
 F0(1s,2s)  is   0.20988178946048255     	F0(1s,2s)  is   0.20988178949243511     	F0(1s,2s)  is 0.2098817894600052d0			
 F0(1s,2p-) is   0.24280528746533994     	F0(1s,2p-) is   0.24280528685472585     	F0(1s,2p-) is 0.2428052874657191d0			
 F0(1s,2p)  is   0.24280005588379758		F0(1s,2p)  is   0.24280005527320012     	F0(1s,2p)  is 0.2428000558841767d0			
 F0(2s,2p-) is   0.16211283247571559     	F0(2s,2p-) is   0.16211283289655293							
 F0(2s,2p)  is   0.16211171780264141		F0(2s,2p)  is   0.16211171946671976							
 F0(2p-,2p) is   0.18164328213469605     	F0(2p-,2p) is   0.18164328351940298							
																        
 G0(1s,2s)  is   2.1949023021858718E-002	G0(1s,2s)  is   2.1949023631489716E-002		G0(1s,2s) is 0.2194902302127903d-1			
 G2(1s,2s)  is   1.8250016786525880E-002	G2(1s,2s)  is   1.8250015389624969E-002							
 G1(1s,2p-) is   5.1212091635156103E-002	G1(1s,2p-) is   5.1212103751919154E-002							
 G1(1s,2p)  is   5.1211164485426168E-002	G1(1s,2p)  is   5.1211176602176625E-002		G1(1s,2p) is 0.5121117625724148d-1			
 G1(2s,2p-) is   8.7891584928715571E-002	G1(2s,2p-) is   8.7891539929043735E-002							
 G1(2s,2p)  is   8.7892283518417227E-002	G1(2s,2p)  is   8.7892238518158722E-002							
 G2(2p-,2p) is   8.7890602177891394E-002	G2(2p-,2p) is   8.7890602693844466E-002							

 	    	 				GRASP2018(OOGRASP file)		       
						F0(1s,1s)   is   0.62501225719714315   
						F0(2s,2s)   is   0.15039361113293881		BSP(Oleg)   
 	    	 				F0(2p-,2p-) is   0.18164494503392922   	   	R 0( 1s , 3d ; 1s , 3d ) = 0.1110232804299343d0
						F0(2p,2p)   is   0.18164162210668625   		R 0( 1s , 3d-; 1s , 3d-) = 0.2212836437324608d0
						                               	       		R 0( 2p , 3d ; 2p , 3d ) = 0.1852809710648461d0
						F0(1s,2s)  is   0.20988178943600858    		R 0( 3d , 3d ; 3d , 3d ) = 0.8604622596773348d-1
						F0(1s,2p-) is   0.24280528686591341    
						F0(1s,2p)  is   0.24280005528087928    		S 0( 1s , 1s ; 1s , 1s ) = 4.1603436096688368d-6
						F0(2s,2p-) is   0.16211283411820734    		S 1( 1s , 2p ; 2p , 1s ) = 1.7044209699549808d-7
						F0(2s,2p)  is   0.16211171967669438    		S 0( 1s , 2s ; 1s , 2s ) = 5.4787022280727590d-7
						F0(2p-,2p) is   0.18164328373222080    
						                               	       
						G0(1s,2s)  is   2.1949023621319150E-002
						G2(1s,2s)  is   1.8250015366685812E-002
						G1(1s,2p-) is   5.1212103697583743E-002
						G1(1s,2p)  is   5.1211176198304877E-002
     						G1(2s,2p-) is   8.7891539914211850E-002
     						G1(2s,2p)  is   8.7892238849795176E-002
						G2(2p-,2p) is   8.7890602795790918E-002

 OOGRASP (Non-relativistic)	   
 F0(1s,1s) is   0.62500000000060130
 F0(2p,2p) is   0.18164062500132272


Calling rinti

  OOGRASP					GRASP2018					GRASP2018(OOGRASP file)
  kappa =           -1
  quad(Int1) =   7.7160729986988560E-029	quad(Int1) =  7.9934681841282691E-022		quad(Int1) =   1.6455050440016853E-020
  quad(Int2) =  -7.2975468376635039E-003	quad(Int2) =  -7.2975468539678038E-003		quad(Int2) =  -7.2975468563764301E-003
  quad(Int3) =   1.3313015734149761E-005	quad(Int3) =   1.3313015735156313E-005		quad(Int3) =   1.3313015734151005E-005
  quad(Int4) =   1.0000266267322193     	quad(Int4) =   1.0000266289289679		quad(Int4) =   1.0000266292965634     
  I(1s,1s) is   -0.50000665659644061     	I(1s,1s) is   -0.50000665659671684		I(1s,1s) is   -0.50000665659648691     
     
  kappa =           -1
  quad(Int1) =   9.1218728217467735E-004	quad(Int1) =   5.7011705159205387E-005		quad(Int1) =   5.7011705124451856E-005
  quad(Int2) =  -9.1221157108342936E-004	quad(Int2) =  -9.1221157286830467E-004		quad(Int2) =  -9.1221157241424026E-004
  quad(Int3) =   3.3282650109262732E-006	quad(Int3) =   3.3282650111498217E-006		quad(Int3) =   3.3282650101997743E-006
  quad(Int4) =   0.25000832087197555     	quad(Int4) =   0.25000832114675331		quad(Int4) =   0.25000832104656995
  I(2s,2s) is   -0.12500208023605386     	I(2s,2s) is   -0.12500208022357456		I(2s,2s) is   -0.12500208022613252
     
  kappa =            1
  quad(Int1) =   9.1218728217467790E-004	quad(Int1) =   5.7011705159205374E-005		quad(Int1) =   5.7011705159198869E-005
  quad(Int2) =   9.1221157109092467E-004	quad(Int2) =   9.1221157111750009E-004		quad(Int2) =   9.1221157070455199E-004
  quad(Int3) =   3.3282650109261008E-006	quad(Int3) =   3.3282650111491801E-006		quad(Int3) =   3.3282650098171115E-006
  quad(Int4) =   0.25000832087300257     	quad(Int4) =   0.25000832087295100		quad(Int4) =   0.25000832086670149
  I(2p-,2p-) is  -0.12500208023604717     	I(2p-,2p-) is  -0.12500208018967143		I(2p-,2p-) is  -0.12500208018999548
       
  kappa =           -2
  quad(Int1) =  -1.0420574715752470E-038	quad(Int1) =   9.8399884658246056E-023		quad(Int1) =   2.7283819122335662E-021
  quad(Int2) =  -9.1217513846517226E-004	quad(Int2) =  -9.1217513849559779E-004		quad(Int2) =  -9.1217513586239630E-004
  quad(Int3) =   3.3282207014808536E-006	quad(Int3) =   3.3282207017040277E-006		quad(Int3) =   3.3282207014817557E-006
  quad(Int4) =   0.25000166412142877     	quad(Int4) =   0.25000166412142782		quad(Int4) =   0.25000166340808061
  I(2p,2p) is   -0.12500041602893869		I(2p,2p) is   -0.12500041602898088		I(2p,2p) is   -0.12500041602897241


 OOGRASP (Non-relativistic)
  kappa = -1    
  quad(Int1) =   0.0000000000000000     
  quad(Int2) =   0.0000000000000000     
  quad(Int3) =   0.0000000000000000     
  quad(Int4) =  0.99999999999179057     
  I(1s,1s) is    0.99999999999179057     

  kappa = -2
  quad(Int1) =   0.0000000000000000     
  quad(Int2) =   0.0000000000000000     
  quad(Int3) =   0.0000000000000000     
  quad(Int4) =  0.24999999999999989     
  I(2p,2p) is   0.24999999999999989     


Calling zkf
 M1, M2 =         597         596
 C1, C2 =   4.4408920985006262E-016  -4.4408920985006262E-016
  Zk - output 
 0.000000000000-0.000000000000 0.000000000000-0.000000000000 0.000000000000-0.000000000000 0.000000000000-0.000000000000
 0.000000000000-0.000000000000 0.000000000000-0.000000000000 0.000000000000-0.000000000000 0.000000000000-0.000000000000
 0.000000000000-0.000000000000 0.000000000000-0.000000000000 0.000000000000-0.000000000000 0.000000000000-0.000000000000
 0.000000000000-0.000000000000 0.000000000000-0.000000000000 0.000000000000-0.000000000000 0.000000000000-0.000000000000
 0.000000000000-0.000000000000 0.000000000000-0.000000000000 0.000000000000-0.000000000000 0.000000000000-0.000000000000
 0.000000000000-0.000000000000 0.000000000000 0.000000000000 0.000000000000 0.000000000000 0.000000000000 0.000000000000
 0.000000000000 0.000000000000 0.000000000000 0.000000000000 0.000000000000 0.000000000000 0.000000000000 0.000000000000
 0.000000000000 0.000000000000 0.000000000000 0.000000000000 0.000000000000 0.000000000000 0.000000000000 0.000000000000
 0.000000000000 0.000000000000 0.000000000000 0.000000000000 0.000000000000 0.000000000000 0.000000000000 0.000000000000
 0.000000000000 0.000000000000 0.000000000000 0.000000000000 0.000000000000 0.000000000000 0.000000000000 0.000000000000
 0.000000000000 0.000000000000 0.000000000000 0.000000000000 0.000000000000 0.000000000000 0.000000000000 0.000000000000
 0.000000000000 0.000000000000 0.000000000000 0.000000000000 0.000000000000 0.000000000000 0.000000000000 0.000000000000
 0.000000000000 0.000000000000 0.000000000000 0.000000000000 0.000000000000 0.000000000000 0.000000000000 0.000000000000
 0.000000000000 0.000000000000 0.000000000000 0.000000000000 0.000000000000 0.000000000000 0.000000000000 0.000000000000
 0.000000000000 0.000000000000 0.000000000000 0.000000000000 0.000000000000 0.000000000000 0.000000000000 0.000000000001
 0.000000000001 0.000000000001 0.000000000001 0.000000000001 0.000000000001 0.000000000001 0.000000000001 0.000000000001
 0.000000000001 0.000000000001 0.000000000002 0.000000000002 0.000000000002 0.000000000002 0.000000000002 0.000000000002
 0.000000000003 0.000000000003 0.000000000003 0.000000000003 0.000000000004 0.000000000004 0.000000000005 0.000000000005
 0.000000000005 0.000000000006 0.000000000007 0.000000000007 0.000000000008 0.000000000009 0.000000000010 0.000000000010
 0.000000000011 0.000000000013 0.000000000014 0.000000000015 0.000000000017 0.000000000018 0.000000000020 0.000000000022
 0.000000000024 0.000000000026 0.000000000029 0.000000000032 0.000000000035 0.000000000038 0.000000000042 0.000000000046
 0.000000000050 0.000000000055 0.000000000060 0.000000000066 0.000000000073 0.000000000080 0.000000000087 0.000000000096
 0.000000000105 0.000000000115 0.000000000127 0.000000000139 0.000000000152 0.000000000167 0.000000000183 0.000000000201
 0.000000000220 0.000000000241 0.000000000265 0.000000000290 0.000000000318 0.000000000349 0.000000000383 0.000000000420
 0.000000000461 0.000000000505 0.000000000554 0.000000000608 0.000000000666 0.000000000731 0.000000000801 0.000000000879
 0.000000000964 0.000000001057 0.000000001159 0.000000001271 0.000000001394 0.000000001529 0.000000001677 0.000000001839
 0.000000002016 0.000000002211 0.000000002425 0.000000002659 0.000000002917 0.000000003198 0.000000003507 0.000000003846
 0.000000004218 0.000000004626 0.000000005073 0.000000005563 0.000000006100 0.000000006690 0.000000007336 0.000000008045
 0.000000008822 0.000000009675 0.000000010609 0.000000011634 0.000000012758 0.000000013991 0.000000015342 0.000000016824
 0.000000018449 0.000000020231 0.000000022185 0.000000024328 0.000000026677 0.000000029254 0.000000032079 0.000000035176
 0.000000038573 0.000000042297 0.000000046380 0.000000050858 0.000000055768 0.000000061151 0.000000067054 0.000000073526
 0.000000080622 0.000000088403 0.000000096934 0.000000106288 0.000000116543 0.000000127788 0.000000140116 0.000000153632
 0.000000168452 0.000000184699 0.000000202512 0.000000222042 0.000000243452 0.000000266925 0.000000292659 0.000000320872
 0.000000351800 0.000000385707 0.000000422877 0.000000463625 0.000000508294 0.000000557261 0.000000610939 0.000000669781
 0.000000734281 0.000000804983 0.000000882482 0.000000967430 0.000001060542 0.000001162601 0.000001274463 0.000001397069
 0.000001531447 0.000001678726 0.000001840140 0.000002017043 0.000002210916 0.000002423383 0.000002656221 0.000002911379
 0.000003190988 0.000003497383 0.000003833124 0.000004201009 0.000004604105 0.000005045771 0.000005529683 0.000006059865
 0.000006640723 0.000007277081 0.000007974218 0.000008737914 0.000009574494 0.000010490880 0.000011494647 0.000012594086
 0.000013798267 0.000015117114 0.000016561486 0.000018143259 0.000019875428 0.000021772203 0.000023849127 0.000026123197
 0.000028613002 0.000031338862 0.000034322996 0.000037589694 0.000041165504 0.000045079444 0.000049363225 0.000054051496
 0.000059182119 0.000064796451 0.000070939671 0.000077661120 0.000085014683 0.000093059193 0.000101858883 0.000111483866
 0.000122010666 0.000133522789 0.000146111346 0.000159875728 0.000174924343 0.000191375410 0.000209357828 0.000229012107
 0.000250491393 0.000273962565 0.000299607431 0.000327624019 0.000358227983 0.000391654110 0.000428157962 0.000468017648
 0.000511535732 0.000559041302 0.000610892200 0.000667477420 0.000729219708 0.000796578343 0.000870052154 0.000950182741
 0.001037557959 0.001132815647 0.001236647636 0.001349804046 0.001473097892 0.001607410018 0.001753694362 0.001912983604
 0.002086395170 0.002275137656 0.002480517656 0.002703947033 0.002946950640 0.003211174519 0.003498394576 0.003810525778
 0.004149631845 0.004517935489 0.004917829184 0.005351886479 0.005822873860 0.006333763165 0.006887744531 0.007488239877
 0.008138916902 0.008843703564 0.009606803024 0.010432709001 0.011326221490 0.012292462784 0.013336893719 0.014465330054
 0.015683958890 0.016999354994 0.018418496897 0.019948782612 0.021598044784 0.023374565079 0.025287087579 0.027344830949
 0.029557499083 0.031935289938 0.034488902229 0.037229539615 0.040168912003 0.043319233552 0.046693216931 0.050304063368
 0.054165448006 0.058291500037 0.062696777097 0.067396233373 0.072405180872 0.077739243289 0.083414301946 0.089446433241
 0.095851837131 0.102646756149 0.109847384560 0.117469767285 0.125529688325 0.134042548512 0.143023232527 0.152485965257
 0.162444157736 0.172910243083 0.183895503036 0.195409885932 0.207461817195 0.220058003659 0.233203233340 0.246900172539
 0.261149162465 0.275948017868 0.291291830467 0.307172780248 0.323579957985 0.340499202574 0.357912957008 0.375800146961
 0.394136086062 0.412892412018 0.432037057653 0.451534260834 0.471344617025 0.491425177850 0.511729598582 0.532208336912
 0.552808904610 0.573476172863 0.594152731116 0.614779298161 0.635295183061 0.655638792254 0.675748177876 0.695561621054
 0.715018242614 0.734058632415 0.752625487412 0.770664247549 0.788123717821 0.804956664312 0.821120371748 0.836577150227
 0.851294779177 0.865246877440 0.878413189556 0.890779779893 0.902339128202 0.913090122382 0.923037946747 0.932193866761
 0.940574913946 0.948203477460 0.955106811476 0.961316469960 0.966867682534 0.971798686849 0.976150034067 0.979963884707
 0.983283312121 0.986151630303 0.988611761519 0.990705657507 0.992473785792 0.993954690028 0.995184630451 0.996197307536
 0.997023668997 0.997691797475 0.998226873731 0.998651208052 0.998984330901 0.999243132719 0.999442042182 0.999593232149
 0.999706842931 0.999791213335 0.999853111083 0.999897955550 0.999930027268 0.999952660138 0.999968413760 0.999979224569
 0.999986535638 0.999991405878 0.999994600079 0.999996661687 0.999997970461 0.999998787258 0.999999288126 0.999999589742
 0.999999768005 0.999999871350 0.999999930084 0.999999962786 0.999999980613 0.999999990121 0.999999995080 0.999999997606
 0.999999998864 0.999999999474 0.999999999763 0.999999999896 0.999999999955 0.999999999981 0.999999999993 0.999999999997
 0.999999999999 1.000000000000 1.000000000000 1.000000000000 1.000000000000 1.000000000000 1.000000000000 1.000000000000
 1.000000000000 1.000000000000 1.000000000000 1.000000000000 1.000000000000 1.000000000000 1.000000000000 1.000000000000
 1.000000000000 1.000000000000 1.000000000000 1.000000000000 1.000000000000 1.000000000000 1.000000000000 1.000000000000
 1.000000000000 1.000000000000 1.000000000000 1.000000000000 1.000000000000 1.000000000000 1.000000000000 1.000000000000
 1.000000000000 1.000000000000 1.000000000000 1.000000000000 1.000000000000 1.000000000000 1.000000000000 1.000000000000
 1.000000000000 1.000000000000 1.000000000000 1.000000000000 1.000000000000 1.000000000000 1.000000000000 1.000000000000
 1.000000000000 1.000000000000 1.000000000000 1.000000000000 1.000000000000 1.000000000000 1.000000000000 1.000000000000
 1.000000000000 1.000000000000 1.000000000000 1.000000000000 1.000000000000 1.000000000000 1.000000000000 1.000000000000
 1.000000000000 1.000000000000 1.000000000000 1.000000000000 1.000000000000 1.000000000000 1.000000000000 1.000000000000
 1.000000000000 1.000000000000 1.000000000000 1.000000000000 1.000000000000 1.000000000000 1.000000000000 1.000000000000

 M1, M2 =         597         596
 C1, C2 =   4.4408920985006262E-016  -4.4408920985006262E-016
  Yk - output 
 0.000001907349 0.000001966953 0.000002028421 0.000002091809 0.000002157178 0.000002224590 0.000002294108 0.000002365799
 0.000002439730 0.000002515972 0.000002594596 0.000002675677 0.000002759292 0.000002845520 0.000002934442 0.000003026143
 0.000003120710 0.000003218233 0.000003318802 0.000003422515 0.000003529469 0.000003639764 0.000003753507 0.000003870804
 0.000003991767 0.000004116509 0.000004245150 0.000004377811 0.000004514618 0.000004655700 0.000004801190 0.000004951228
 0.000005105953 0.000005265515 0.000005430062 0.000005599751 0.000005774743 0.000005955204 0.000006141304 0.000006333220
 0.000006531133 0.000006735231 0.000006945707 0.000007162760 0.000007386597 0.000007617428 0.000007855473 0.000008100956
 0.000008354111 0.000008615177 0.000008884401 0.000009162039 0.000009448352 0.000009743613 0.000010048101 0.000010362105
 0.000010685920 0.000011019855 0.000011364226 0.000011719358 0.000012085588 0.000012463262 0.000012852739 0.000013254387
 0.000013668587 0.000014095730 0.000014536222 0.000014990479 0.000015458931 0.000015942023 0.000016440211 0.000016953968
 0.000017483779 0.000018030147 0.000018593589 0.000019174639 0.000019773847 0.000020391779 0.000021029022 0.000021686179
 0.000022363872 0.000023062743 0.000023783454 0.000024526687 0.000025293146 0.000026083557 0.000026898668 0.000027739251
 0.000028606103 0.000029500044 0.000030421920 0.000031372605 0.000032352999 0.000033364030 0.000034406656 0.000035481864
 0.000036590673 0.000037734131 0.000038913323 0.000040129364 0.000041383407 0.000042676638 0.000044010283 0.000045385604
 0.000046803904 0.000048266526 0.000049774855 0.000051330320 0.000052934392 0.000054588592 0.000056294485 0.000058053688
 0.000059867866 0.000061738737 0.000063668072 0.000065657699 0.000067709502 0.000069825424 0.000072007469 0.000074257702
 0.000076578255 0.000078971326 0.000081439180 0.000083984154 0.000086608659 0.000089315179 0.000092106279 0.000094984600
 0.000097952869 0.000101013896 0.000104170580 0.000107425910 0.000110782970 0.000114244938 0.000117815092 0.000121496814
 0.000125293589 0.000129209014 0.000133246795 0.000137410757 0.000141704843 0.000146133120 0.000150699780 0.000155409148
 0.000160265683 0.000165273986 0.000170438797 0.000175765010 0.000181257666 0.000186921968 0.000192763279 0.000198787131
 0.000204999229 0.000211405454 0.000218011874 0.000224824745 0.000231850518 0.000239095846 0.000246567590 0.000254272827
 0.000262218852 0.000270413190 0.000278863602 0.000287578088 0.000296564903 0.000305832555 0.000315389821 0.000325245751
 0.000335409679 0.000345891230 0.000356700329 0.000367847213 0.000379342436 0.000391196885 0.000403421785 0.000416028713
 0.000429029607 0.000442436779 0.000456262924 0.000470521136 0.000485224917 0.000500388191 0.000516025316 0.000532151102
 0.000548780817 0.000565930210 0.000583615521 0.000601853498 0.000620661410 0.000640057069 0.000660058841 0.000680685667
 0.000701957080 0.000723893224 0.000746514871 0.000769843442 0.000793901030 0.000818710415 0.000844295092 0.000870679287
 0.000897887986 0.000925946954 0.000954882762 0.000984722810 0.001015495357 0.001047229541 0.001079955414 0.001113703966
 0.001148507155 0.001184397937 0.001221410300 0.001259579293 0.001298941059 0.001339532871 0.001381393169 0.001424561591
 0.001469079014 0.001514987596 0.001562330807 0.001611153478 0.001661501842 0.001713423575 0.001766967843 0.001822185348
 0.001879128377 0.001937850850 0.001998408372 0.002060858287 0.002125259727 0.002191673676 0.002260163021 0.002330792613
 0.002403629332 0.002478742144 0.002556202174 0.002636082766 0.002718459556 0.002803410544 0.002891016167 0.002981359372
 0.003074525701 0.003170603367 0.003269683338 0.003371859424 0.003477228367 0.003585889928 0.003697946987 0.003813505636
 0.003932675281 0.004055568745 0.004182302375 0.004312996152 0.004447773803 0.004586762920 0.004730095079 0.004877905965
 0.005030335499 0.005187527970 0.005349632175 0.005516801553 0.005689194335 0.005866973691 0.006050307883 0.006239370427
 0.006434340252 0.006635401873 0.006842745559 0.007056567519 0.007277070082 0.007504461888 0.007738958086 0.007980780534
 0.008230158008 0.008487326417 0.008752529026 0.009026016680 0.009308048044 0.009598889841 0.009898817105 0.010208113436
 0.010527071266 0.010855992131 0.011195186954 0.011544976335 0.011905690845 0.012277671341 0.012661269275 0.013056847028
 0.013464778237 0.013885448148 0.014319253971 0.014766605241 0.015227924203 0.015703646196 0.016194220052 0.016700108510
 0.017221788639 0.017759752270 0.018314506449 0.018886573891 0.019476493459 0.020084820649 0.020712128089 0.021359006054
 0.022026062994 0.022713926078 0.023423241747 0.024154676291 0.024908916431 0.025686669926 0.026488666185 0.027315656904
 0.028168416717 0.029047743852 0.029954460823 0.030889415119 0.031853479920 0.032847554824 0.033872566596 0.034929469923
 0.036019248198 0.037142914306 0.038301511433 0.039496113890 0.040727827949 0.041997792693 0.043307180879 0.044657199818
 0.046049092258 0.047484137284 0.048963651227 0.050488988582 0.052061542923 0.053682747838 0.055354077857 0.057077049382
 0.058853221617 0.060684197496 0.062571624602 0.064517196072 0.066522651498 0.068589777799 0.070720410083 0.072916432468
 0.075179778890 0.077512433856 0.079916433165 0.082393864572 0.084946868404 0.087577638099 0.090288420684 0.093081517158
 0.095959282793 0.098924127326 0.101978515037 0.105124964701 0.108366049396 0.111704396164 0.115142685492 0.118683650612
 0.122330076600 0.126084799243 0.129950703673 0.133930722737 0.138027835074 0.142245062893 0.146585469415 0.151052155948
 0.155648258591 0.160376944508 0.165241407768 0.170244864706 0.175390548775 0.180681704861 0.186121583027 0.191713431638
 0.197460489854 0.203365979434 0.209433095832 0.215664998534 0.222064800610 0.228635557448 0.235380254623 0.242301794886
 0.249402984225 0.256686516984 0.264154960010 0.271810735805 0.279656104665 0.287693145811 0.295923737480 0.304349536005
 0.312971953877 0.321792136824 0.330810939918 0.340028902780 0.349446223905 0.359062734211 0.368877869869 0.378890644534
 0.389099621085 0.399502883030 0.410098005711 0.420882027520 0.431851421305 0.443002066217 0.454329220234 0.465827493647
 0.477490823811 0.489312451491 0.501284899146 0.513399951538 0.525648639048 0.538021224132 0.550507191335 0.563095241314
 0.575773289335 0.588528468679 0.601347139445 0.614214903170 0.627116623728 0.640036454894 0.652957874959 0.665863728738
 0.678736277241 0.691557255223 0.704307936768 0.716969208940 0.729521653478 0.741945636362 0.754221404985 0.766329192518
 0.778249328936 0.789962357988 0.801449159307 0.812691074628 0.823670037000 0.834368701676 0.844770577271 0.854860155607
 0.864623038593 0.874046060366 0.883117402879 0.891826703066 0.900165149729 0.908125568321 0.915702491872 0.922892216441
 0.929692839619 0.936104280838 0.942128282491 0.947768391146 0.953029918482 0.957919881950 0.962446925503 0.966621221196
 0.970454352814 0.973959183116 0.977149706638 0.980040890369 0.982648504893 0.984988948866 0.987079069850 0.988935984663
 0.990576902395 0.992018953226 0.993279025984 0.994373617183 0.995318693965 0.996129572979 0.996820816799 0.997406149008
 0.997898388554 0.998309403487 0.998650083680 0.998930331652 0.999159070209 0.999344265251 0.999492961789 0.999611331036
 0.999704726314 0.999777745466 0.999834297540 0.999877671629 0.999910605930 0.999935355338 0.999953756164 0.999967286834
 0.999977123767 0.999984191868 0.999989209373 0.999992726997 0.999995161536 0.999996824237 0.999997944345 0.999998688335
 0.999999175351 0.999999489394 0.999999688783 0.999999813368 0.999999889939 0.999999936207 0.999999963678 0.999999979696
 0.999999988863 0.999999994010 0.999999996842 0.999999998370 0.999999999176 0.999999999592 0.999999999803 0.999999999907
 0.999999999957 0.999999999980 0.999999999991 0.999999999996 0.999999999998 0.999999999999 0.999999999999 0.999999999999
 0.999999999999 0.999999999999 0.999999999999 0.999999999999 0.999999999999 1.000000000000 1.000000000000 1.000000000000
 1.000000000000 1.000000000000 1.000000000000 1.000000000000 1.000000000000 1.000000000000 1.000000000000 1.000000000000
 1.000000000000 1.000000000000 1.000000000000 1.000000000000 1.000000000000 1.000000000000 1.000000000000 1.000000000000
 1.000000000000 1.000000000000 1.000000000000 1.000000000000 1.000000000000 1.000000000000 1.000000000000 1.000000000000
 1.000000000000 1.000000000000 1.000000000000 1.000000000000 1.000000000000 1.000000000000 1.000000000000 1.000000000000
 1.000000000000 1.000000000000 1.000000000000 1.000000000000 1.000000000000 1.000000000000 1.000000000000 1.000000000000
 1.000000000000 1.000000000000 1.000000000000 1.000000000000 1.000000000000 1.000000000000 1.000000000000 1.000000000000
 1.000000000000 1.000000000000 1.000000000000 1.000000000000 1.000000000000 1.000000000000 1.000000000000 1.000000000000
 1.000000000000 1.000000000000 1.000000000000 1.000000000000 1.000000000000 1.000000000000 1.000000000000 1.000000000000
 1.000000000000 1.000000000000 1.000000000000 1.000000000000 1.000000000000 1.000000000000 1.000000000000 1.000000000000


 Error in YK

  Yk Error - output 
   0.126D-15  -0.931D-16   0.124D-15  -0.920D-16   0.126D-15  -0.907D-16   0.127D-15  -0.145D-15   0.127D-15  -0.103D-15
   0.163D-15  -0.152D-15   0.151D-15  -0.227D-16   0.146D-15  -0.277D-16   0.272D-15  -0.771D-16   0.128D-15  -0.129D-15
   0.163D-16  -0.214D-16   0.994D-16  -0.360D-16   0.154D-16  -0.188D-15   0.500D-16  -0.824D-16   0.114D-15  -0.123D-15
   0.115D-15  -0.104D-16   0.145D-15  -0.193D-15   0.547D-16  -0.670D-16   0.198D-16  -0.112D-15   0.194D-15  -0.198D-15
   0.238D-15  -0.129D-15   0.897D-16  -0.110D-15   0.112D-15  -0.160D-15   0.949D-16  -0.129D-15   0.186D-15  -0.142D-15
   0.105D-15   0.163D-17   0.217D-15  -0.709D-16   0.114D-15  -0.202D-16   0.164D-15  -0.206D-15   0.115D-15  -0.709D-17
   0.214D-15  -0.448D-16   0.137D-15  -0.410D-17   0.155D-16  -0.235D-15   0.193D-15  -0.747D-16   0.179D-15  -0.517D-16
   0.520D-16  -0.230D-15   0.206D-15  -0.419D-16   0.995D-16  -0.838D-16   0.388D-16  -0.169D-15   0.200D-15  -0.203D-18
   0.144D-15   0.314D-16   0.135D-15  -0.108D-16   0.616D-16  -0.186D-15   0.736D-16  -0.239D-16   0.228D-15  -0.202D-15
   0.769D-16  -0.922D-16   0.290D-16  -0.486D-16   0.111D-15  -0.191D-15   0.637D-16  -0.151D-15   0.216D-15  -0.593D-16
   0.366D-16  -0.703D-16   0.129D-15   0.999D-17   0.160D-15  -0.671D-16   0.148D-15  -0.144D-15   0.238D-15   0.478D-16
   0.252D-15  -0.309D-16   0.659D-16  -0.318D-16   0.753D-16   0.202D-16   0.178D-15   0.123D-16   0.117D-15  -0.114D-15
   0.109D-15  -0.774D-17   0.115D-15   0.145D-15   0.155D-15  -0.104D-15   0.195D-15  -0.876D-16   0.449D-16  -0.532D-16
   0.206D-15  -0.107D-15   0.118D-15  -0.102D-15   0.110D-15   0.176D-16   0.918D-16  -0.182D-16   0.174D-15   0.176D-17
   0.234D-15   0.304D-16   0.172D-15   0.304D-16   0.283D-15   0.598D-16   0.283D-15  -0.132D-15   0.285D-15   0.802D-17
   0.292D-15  -0.191D-16   0.272D-15  -0.454D-16   0.791D-16   0.324D-16   0.213D-15   0.163D-15   0.115D-15   0.132D-15
   0.308D-15   0.494D-16   0.197D-15  -0.751D-16   0.312D-15   0.488D-18   0.382D-15   0.157D-15   0.250D-15   0.211D-15
   0.359D-15  -0.378D-16   0.396D-15   0.195D-16   0.372D-15   0.767D-16   0.334D-15   0.214D-15   0.331D-15   0.117D-15
   0.257D-15   0.144D-15   0.300D-15   0.101D-15   0.424D-15   0.216D-15   0.541D-15   0.184D-15   0.474D-15   0.295D-15
   0.466D-15   0.290D-15   0.575D-15   0.248D-15   0.606D-15   0.234D-15   0.427D-15   0.328D-15   0.550D-15   0.490D-15
   0.536D-15   0.501D-15   0.727D-15   0.469D-15   0.696D-15   0.473D-15   0.747D-15   0.399D-15   0.868D-15   0.574D-15
   0.728D-15   0.683D-15   0.705D-15   0.661D-15   0.834D-15   0.679D-15   0.925D-15   0.618D-15   0.882D-15   0.773D-15
   0.100D-14   0.899D-15   0.121D-14   0.751D-15   0.112D-14   0.839D-15   0.116D-14   0.950D-15   0.133D-14   0.113D-14
   0.130D-14   0.115D-14   0.143D-14   0.125D-14   0.146D-14   0.128D-14   0.162D-14   0.151D-14   0.188D-14   0.170D-14
   0.178D-14   0.150D-14   0.181D-14   0.171D-14   0.204D-14   0.199D-14   0.202D-14   0.195D-14   0.219D-14   0.213D-14
   0.232D-14   0.224D-14   0.247D-14   0.243D-14   0.264D-14   0.268D-14   0.289D-14   0.281D-14   0.304D-14   0.301D-14
   0.312D-14   0.300D-14   0.331D-14   0.333D-14   0.356D-14   0.343D-14   0.380D-14   0.370D-14   0.401D-14   0.393D-14
   0.409D-14   0.429D-14   0.450D-14   0.448D-14   0.468D-14   0.453D-14   0.489D-14   0.494D-14   0.519D-14   0.508D-14
   0.559D-14   0.548D-14   0.583D-14   0.575D-14   0.622D-14   0.619D-14   0.637D-14   0.637D-14   0.688D-14   0.670D-14
   0.708D-14   0.726D-14   0.745D-14   0.753D-14   0.786D-14   0.779D-14   0.830D-14   0.812D-14   0.850D-14   0.850D-14
   0.891D-14   0.870D-14   0.928D-14   0.908D-14   0.961D-14   0.945D-14   0.961D-14   0.969D-14   0.979D-14   0.988D-14
   0.100D-13   0.987D-14   0.999D-14   0.977D-14   0.991D-14   0.970D-14   0.986D-14   0.958D-14   0.944D-14   0.903D-14
   0.890D-14   0.840D-14   0.813D-14   0.727D-14   0.708D-14   0.606D-14   0.569D-14   0.457D-14   0.376D-14   0.233D-14
   0.133D-14  -0.201D-15  -0.137D-14  -0.325D-14  -0.500D-14  -0.723D-14  -0.949D-14  -0.118D-13  -0.146D-13  -0.178D-13
  -0.208D-13  -0.244D-13  -0.282D-13  -0.326D-13  -0.369D-13  -0.421D-13  -0.473D-13  -0.531D-13  -0.593D-13  -0.662D-13
  -0.732D-13  -0.812D-13  -0.893D-13  -0.982D-13  -0.108D-12  -0.118D-12  -0.128D-12  -0.140D-12  -0.152D-12  -0.164D-12
  -0.178D-12  -0.192D-12  -0.207D-12  -0.223D-12  -0.239D-12  -0.256D-12  -0.273D-12  -0.291D-12  -0.310D-12  -0.329D-12
  -0.348D-12  -0.368D-12  -0.388D-12  -0.408D-12  -0.427D-12  -0.446D-12  -0.465D-12  -0.483D-12  -0.500D-12  -0.515D-12
  -0.529D-12  -0.541D-12  -0.549D-12  -0.556D-12  -0.558D-12  -0.557D-12  -0.550D-12  -0.539D-12  -0.522D-12  -0.499D-12
  -0.468D-12  -0.430D-12  -0.382D-12  -0.326D-12  -0.259D-12  -0.182D-12  -0.933D-13   0.738D-14   0.121D-12   0.247D-12
   0.387D-12   0.540D-12   0.707D-12   0.888D-12   0.108D-11   0.129D-11   0.150D-11   0.173D-11   0.196D-11   0.220D-11
   0.245D-11   0.269D-11   0.293D-11   0.316D-11   0.338D-11   0.358D-11   0.376D-11   0.391D-11   0.402D-11   0.409D-11
   0.410D-11   0.407D-11   0.396D-11   0.378D-11   0.353D-11   0.319D-11   0.276D-11   0.224D-11   0.162D-11   0.900D-12
   0.878D-13  -0.815D-12  -0.180D-11  -0.287D-11  -0.399D-11  -0.516D-11  -0.636D-11  -0.756D-11  -0.874D-11  -0.987D-11
  -0.109D-10  -0.118D-10  -0.126D-10  -0.132D-10  -0.136D-10  -0.137D-10  -0.135D-10  -0.130D-10  -0.122D-10  -0.111D-10
  -0.960D-11  -0.777D-11  -0.563D-11  -0.321D-11  -0.530D-12   0.234D-11   0.534D-11   0.840D-11   0.114D-10   0.144D-10
   0.171D-10   0.195D-10   0.216D-10   0.232D-10   0.243D-10   0.248D-10   0.248D-10   0.241D-10   0.228D-10   0.209D-10
   0.185D-10   0.157D-10   0.125D-10   0.897D-11   0.533D-11   0.166D-11  -0.192D-11  -0.531D-11  -0.840D-11  -0.111D-10
  -0.134D-10  -0.151D-10  -0.164D-10  -0.171D-10  -0.174D-10  -0.172D-10  -0.166D-10  -0.156D-10  -0.145D-10  -0.131D-10
  -0.116D-10  -0.101D-10  -0.864D-11  -0.722D-11  -0.591D-11  -0.472D-11  -0.367D-11  -0.277D-11  -0.202D-11  -0.140D-11
  -0.900D-12  -0.513D-12  -0.214D-12   0.810D-14   0.172D-12   0.288D-12   0.370D-12   0.424D-12   0.462D-12   0.484D-12
   0.499D-12   0.507D-12   0.512D-12   0.514D-12   0.515D-12   0.514D-12   0.514D-12   0.512D-12   0.512D-12   0.509D-12
   0.509D-12   0.506D-12   0.506D-12   0.502D-12   0.502D-12   0.499D-12   0.499D-12   0.495D-12   0.495D-12   0.491D-12
   0.491D-12   0.486D-12   0.486D-12   0.482D-12   0.482D-12   0.477D-12   0.477D-12   0.472D-12   0.472D-12   0.466D-12
   0.466D-12   0.460D-12   0.460D-12   0.454D-12   0.454D-12   0.447D-12   0.447D-12   0.440D-12   0.440D-12   0.432D-12
   0.432D-12   0.424D-12   0.424D-12   0.415D-12   0.415D-12   0.406D-12   0.406D-12   0.396D-12   0.396D-12   0.386D-12
   0.386D-12   0.375D-12   0.375D-12   0.363D-12   0.363D-12   0.351D-12   0.351D-12   0.337D-12   0.337D-12   0.323D-12
   0.323D-12   0.308D-12   0.308D-12   0.292D-12   0.292D-12   0.275D-12   0.275D-12   0.257D-12   0.257D-12   0.238D-12
   0.238D-12   0.218D-12   0.218D-12   0.196D-12   0.196D-12   0.173D-12   0.173D-12   0.148D-12   0.148D-12   0.122D-12
   0.122D-12   0.944D-13   0.944D-13   0.648D-13   0.648D-13   0.334D-13   0.334D-13   0.000D+00   0.000D+00   0.000D+00


