Rk Comparison

Z = 1

B-Spline Paeameters:
 (ks,ksp,ksq) = (9,8,9)
 (hi,he,hmax) = (0.250,0.250,1.0)
 (ns,nv)      = (68,60)


Exact parameters:
 (ks,ksp,ksq) = (12,11,12)
 (hi,he,hmax) = (0.125,0.125,0.5)
 (ns,nv)      = (134,123)


Comment: All Slater integrals are of the form Rk(a,a;a,a), all n = l + 1, all j = l + 1/2

--------------------------------------------------------------------------------------------------------------------------------------------

l = 0	     k = 0
OOGRASP	     0.62501225565989238
GRASP2018    0.62501225685928163
B-Spline     0.62501225565812812
Exact	     0.62501225565928453

---------------------------------------------------------------------------------------------------------------------------------------------


l = 1	     k = 0		   k = 1		 k = 2
OOGRASP	     0.18164162068391534   0.12044325547104590   8.7890979742416761E-002
GRASP2018    0.18164162206864615   0.12044325751410503	 8.7890977880733592E-002
B-Spline     0.18164162068259820   0.12044325557529090	 8.7890979744347272E-002
Exact	     0.18164162068260417   0.12044325557529541	 8.7890979744350645E-002

---------------------------------------------------------------------------------------------------------------------------------------------


l = 2	     k = 0		       k = 1		         k = 2			    k = 3		      k = 4
OOGRASP	     8.6046225969568624E-002   6.0308289483481277E-002   4.5421094201891749E-002    3.6002668112635708E-002   2.9622445688692527E-002   
GRASP2018    8.6046227566014891E-002   6.0308292636877245E-002	 4.5421094251679540E-002    3.6002662386676418E-002   2.9622438697317781E-002
B-Spline     8.6046226729713335E-002   6.0308290336850139E-002	 4.5421094720350837E-002    3.6002668505299013E-002   2.9622445978545842E-002
Exact	     8.6046226849369772E-002   6.0308290438374622E-002	 4.5421094800660276E-002    3.6002668569888666E-002   2.9622446031939236E-002

---------------------------------------------------------------------------------------------------------------------------------------------


l = 3	     k = 0		       k = 1		         k = 2			    k = 3		      k = 4
OOGRASP	     5.0226285238039119E-002   3.6522229808892311E-002	 2.8140236067441728E-002    2.2632350014828231E-002   1.8801843951790596E-002
GRASP2018    5.0226287041348405E-002   3.6522233938130470E-002	 2.8140237788413177E-002    2.2632345794344672E-002   1.8801834147764592E-002
B-Spline     5.0230206142209931E-002   3.6525991019411272E-002	 2.8143446097517830E-002    2.2635048180027650E-002   1.8804132349336561E-002
Exact	     5.0230576787549913E-002   3.6526350085250139E-002	 2.8143755050581032E-002    2.2635309274290819E-002   1.8804354562882007E-002

             k = 5		       k = 6
OOGRASP	     1.6014386787730778E-002   1.3910306259732915E-002
GRASP2018    1.6014381188521689E-002   1.3910330011755659E-002
B-Spline     1.6016356239357068E-002   1.3912026494326475E-002
Exact	     1.6016547905619540E-002   1.3912194132715871E-002

--------------------------------------------------------------------------------------------------------------------------------------------


l = 4	     k = 0		       k = 1		         k = 2			   k = 3		      k = 4
OOGRASP	     3.2952149358093645E-002   2.4612870497206132E-002	 1.9299585105589497E-002   1.5705264790248075E-002   1.3152660899456147E-002
GRASP2018    3.2952151354995192E-002   2.4612875528566013E-002	 1.9299588266385771E-002   1.5705262321300630E-002   1.3152651141321851E-002
B-Spline     3.3237719254944995E-002   2.4913238311749741E-002	 1.9577411443674766E-002   1.5953156353332922E-002   1.3372144185003692E-002
Exact	     3.3253207685115679E-002   2.4929649486910465E-002	 1.9592793323922043E-002   1.5967047578965308E-002   1.3384566353832224E-002

	     k = 5		       k = 6		         k = 7			   k = 8
OOGRASP	     1.1266435713141135E-002   9.8263100856135158E-003	 8.6965144157188836E-003   7.7897681461376392E-003
GRASP2018    1.1266423500676742E-002   9.8263111420843277E-003	 8.6965598910631863E-003   7.7899087495374407E-003
B-Spline     1.1461256130025514E-002   1.0000321142910785E-002	 8.8530840791437946E-003   7.9316841372258518E-003
Exact	     1.1472370504372279E-002   1.0010311336582742E-002	 8.8621183639183056E-003   7.9399060648699636E-003

---------------------------------------------------------------------------------------------------------------------------------------------


l = 5	     k = 0		       k = 1		         k = 2			   k = 3		      k = 4
OOGRASP	     2.3300564009379545E-002   1.7768520959896981E-002	 1.4130572732966898E-002   1.1611669424503569E-002    9.7916438652776317E-003
GRASP2018    2.3300566315545557E-002   1.7768527221792930E-002	 1.4130577761482944E-002   1.1611669475412282E-002    9.7916361312656835E-003
B-Spline     2.5404937855261447E-002   2.0048826514275472E-002	 1.6353100949971611E-002   1.3695345437962882E-002    1.1716437439398200E-002
Exact	     2.5467092601782534E-002   2.0115125589862500E-002	 1.6418233236147387E-002   1.3757221291084110E-002    1.1774384004834463E-002

	     k = 5		       k = 6		         k = 7			   k = 9		      k = 9
OOGRASP	     8.4291985360265692E-003   7.3786699358531780E-003	 6.5482351153919880E-003   5.8777876828937812E-003    5.3266652478771194E-003
GRASP2018    8.4291849459194410E-003   7.3786606496829919E-003	 6.5482521130754015E-003   5.8778681948253213E-003    5.3268633750482896E-003	 
B-Spline     1.0199107977592435E-002   9.0063511345256191E-003	 8.0485795513289809E-003   7.2653115995524086E-003    6.6145475581205447E-003
Exact	     1.0253074312397808E-002   9.0565480521862755E-003	 8.0953140459026560E-003   7.3089110429999243E-003    6.6553261947608052E-003

	     k = 10
OOGRASP	     4.8665530431321411E-003
GRASP2018    4.8669465194225532E-003
B-Spline     6.0663838602037622E-003
Exact	     6.1046294260132007E-003

---------------------------------------------------------------------------------------------------------------------------------------------


l = 6	     k = 0		       k = 1		         k = 2			   k = 3		      k = 4
OOGRASP	     1.7358253911576676E-002   1.3459695362082585E-002	 1.0829782951044418E-002   8.9735063975620935E-003    7.6125379132980777E-003
GRASP2018    1.7358256559505073E-002   1.3459702975253349E-002	 1.0829789968836420E-002   8.9735092187940187E-003    7.6125330170647631E-003
B-Spline     2.2490279028391572E-002   1.8948878515858490E-002	 1.6282657857003942E-002   1.4220253678114782E-002    1.2587609193141119E-002
Exact	     2.2582228169007814E-002   1.9043038277913035E-002	 1.6375479069595404E-002   1.4310023999046623E-002    1.2673575757314792E-002

	     k = 5		       k = 6		         k = 7			   k = 9		      k = 9
OOGRASP	     6.5822763212115415E-003   5.7809742543907866E-003	 5.1432466971061894E-003   4.6256157976282157E-003    4.1982866230730704E-003
GRASP2018    6.5822637679043621E-003   5.7809605960184836E-003	 5.1432479405334732E-003   4.6256602228013774E-003    4.1984172746360477E-003
B-Spline     1.1269244860886150E-002   1.0186227542355831E-002	 9.2831621042947527E-003   8.5202497399252900E-003    7.8682920040049481E-003
Exact	     1.1351160382319456E-002   1.0264109412697120E-002	 9.3571621077373907E-003   8.5905827856693259E-003    7.9351970522122395E-003

	     k = 10		      k = 11			k = 12
OOGRASP	     3.8402894274262474E-003  3.5365122570253219E-003	3.2758325893947073E-003
GRASP2018    3.8405661445298474E-003  3.5370114426987614E-003	3.2766549659897560E-003
B-Spline     7.3054618767263149E-003  6.8151652618132427E-003	6.3845929306517411E-003
Exact	     7.3691807322174589E-003  6.8759314052163232E-003	6.4426260226347655E-003
